<?xml version="1.0" encoding="UTF-8" standalone="no"?><testsuites><testsuite errors="0" failures="0" hostname="emulator-5554_AVD_01_unknown_google_sdk" name="ua.com.taxometr.test" tests="4" time="5,4320" timestamp="Thu Apr 19 20:29:48 EEST 2012"><properties><property name="java.runtime.name" value="Java(TM) SE Runtime Environment"/><property name="sun.boot.library.path" value="C:\Program Files\Java\jdk1.6.0_31\jre\bin"/><property name="java.vm.version" value="20.6-b01"/><property name="java.vm.vendor" value="Sun Microsystems Inc."/><property name="java.vendor.url" value="http://java.sun.com/"/><property name="guice.disable.misplaced.annotation.check" value="true"/><property name="path.separator" value=";"/><property name="java.vm.name" value="Java HotSpot(TM) 64-Bit Server VM"/><property name="file.encoding.pkg" value="sun.io"/><property name="sun.java.launcher" value="SUN_STANDARD"/><property name="user.country" value="UA"/><property name="sun.os.patch.level" value=""/><property name="java.vm.specification.name" value="Java Virtual Machine Specification"/><property name="user.dir" value="C:\Users\Kardan\Documents\GitRepo\Taxometr"/><property name="java.runtime.version" value="1.6.0_31-b05"/><property name="java.awt.graphicsenv" value="sun.awt.Win32GraphicsEnvironment"/><property name="java.endorsed.dirs" value="C:\Program Files\Java\jdk1.6.0_31\jre\lib\endorsed"/><property name="os.arch" value="amd64"/><property name="java.io.tmpdir" value="C:\Users\Kardan\AppData\Local\Temp\"/><property name="line.separator" value="&#13;&#10;"/><property name="java.vm.specification.vendor" value="Sun Microsystems Inc."/><property name="user.variant" value=""/><property name="os.name" value="Windows 7"/><property name="classworlds.conf" value="C:\Program Files\Maven\bin\m2.conf"/><property name="sun.jnu.encoding" value="Cp1251"/><property name="java.library.path" value="C:\Program Files\Java\jdk1.6.0_31\bin;C:\Windows\Sun\Java\bin;C:\Windows\system32;C:\Windows;C:\Program Files (x86)\JetBrains\IntelliJ IDEA Community Edition 11.1\bin\..\.\bin;C:\Windows\system32;C:\Windows;C:\Windows\System32\Wbem;C:\Windows\System32\WindowsPowerShell\v1.0\;C:\Program Files\Intel\WiFi\bin\;C:\Program Files\Common Files\Intel\WirelessCommon\;C:\Program Files\Java\jdk1.6.0_31\bin;C:\Program Files\TortoiseGit\bin;C:\Program Files\Maven\bin;c:\Program Files (x86)\Microsoft SQL Server\100\Tools\Binn\;c:\Program Files\Microsoft SQL Server\100\Tools\Binn\;c:\Program Files\Microsoft SQL Server\100\DTS\Binn\;C:\Program Files\TortoiseSVN\bin;C:\Program Files (x86)\Microsoft SQL Server\100\Tools\Binn\VSShell\Common7\IDE\;C:\Program Files (x86)\Microsoft Visual Studio 9.0\Common7\IDE\PrivateAssemblies\;C:\Program Files (x86)\Microsoft SQL Server\100\DTS\Binn\;C:\Program Files\Intel\WiFi\bin\;C:\Program Files\Common Files\Intel\WirelessCommon\;c:\program files (x86)\jetbrains\intellij idea community edition 11.1\jre\jre\bin;."/><property name="java.specification.name" value="Java Platform API Specification"/><property name="java.class.version" value="50.0"/><property name="sun.management.compiler" value="HotSpot 64-Bit Tiered Compilers"/><property name="os.version" value="6.1"/><property name="user.home" value="C:\Users\Kardan"/><property name="user.timezone" value="Europe/Helsinki"/><property name="java.awt.printerjob" value="sun.awt.windows.WPrinterJob"/><property name="file.encoding" value="UTF-8"/><property name="java.specification.version" value="1.6"/><property name="java.class.path" value="C:\Program Files\Maven\boot\plexus-classworlds-2.4.jar"/><property name="user.name" value="Kardan"/><property name="java.vm.specification.version" value="1.0"/><property name="sun.java.command" value="org.codehaus.classworlds.Launcher --no-plugin-registry --fail-fast --no-plugin-updates --strict-checksums --update-snapshots -f C:\Users\Kardan\Documents\GitRepo\Taxometr\pom.xml install"/><property name="java.home" value="C:\Program Files\Java\jdk1.6.0_31\jre"/><property name="sun.arch.data.model" value="64"/><property name="user.language" value="uk"/><property name="java.specification.vendor" value="Sun Microsystems Inc."/><property name="awt.toolkit" value="sun.awt.windows.WToolkit"/><property name="java.vm.info" value="mixed mode"/><property name="java.version" value="1.6.0_31"/><property name="java.ext.dirs" value="C:\Program Files\Java\jdk1.6.0_31\jre\lib\ext;C:\Windows\Sun\Java\lib\ext"/><property name="sun.boot.class.path" value="C:\Program Files\Java\jdk1.6.0_31\jre\lib\resources.jar;C:\Program Files\Java\jdk1.6.0_31\jre\lib\rt.jar;C:\Program Files\Java\jdk1.6.0_31\jre\lib\sunrsasign.jar;C:\Program Files\Java\jdk1.6.0_31\jre\lib\jsse.jar;C:\Program Files\Java\jdk1.6.0_31\jre\lib\jce.jar;C:\Program Files\Java\jdk1.6.0_31\jre\lib\charsets.jar;C:\Program Files\Java\jdk1.6.0_31\jre\lib\modules\jdk.boot.jar;C:\Program Files\Java\jdk1.6.0_31\jre\classes"/><property name="java.vendor" value="Sun Microsystems Inc."/><property name="maven.home" value="C:\Program Files\Maven"/><property name="file.separator" value="\"/><property name="java.vendor.url.bug" value="http://java.sun.com/cgi-bin/bugreport.cgi"/><property name="sun.io.unicode.encoding" value="UnicodeLittle"/><property name="sun.cpu.endian" value="little"/><property name="sun.desktop" value="windows"/><property name="sun.cpu.isalist" value="amd64"/><property name="ro.product.manufacturer" value="unknown"/><property name="gsm.sim.operator.alpha" value="Android"/><property name="sys.settings_secure_version" value="1"/><property name="ro.kernel.ndns" value="2"/><property name="ro.debuggable" value="1"/><property name="init.svc.debuggerd" value="running"/><property name="media.stagefright.enable-scan" value="true"/><property name="gsm.operator.iso-country" value="us"/><property name="ro.product.model" value="google_sdk"/><property name="ro.CONTENT_PROVIDER_MEM" value="5632"/><property name="persist.sys.language" value="en"/><property name="ro.HOME_APP_MEM" value="4096"/><property name="ro.factorytest" value="0"/><property name="media.stagefright.enable-http" value="true"/><property name="ro.build.fingerprint" value="generic/google_sdk/generic/:2.2/FRF91/43546:eng/test-keys"/><property name="ro.VISIBLE_APP_ADJ" value="1"/><property name="net.dnschange" value="1"/><property name="ro.build.product" value="generic"/><property name="ro.bootloader" value="unknown"/><property name="init.svc.vold" value="running"/><property name="ro.setupwizard.mode" value="OPTIONAL"/><property name="net.hostname" value="android_9774d56d682e549c"/><property name="qemu.hw.mainkeys" value="1"/><property name="ro.build.version.sdk" value="8"/><property name="net.bt.name" value="Android"/><property name="net.eth0.dns1" value="10.0.2.3"/><property name="ro.bootmode" value="unknown"/><property name="ro.baseband" value="unknown"/><property name="ro.runtime.firstboot" value="1334855616298"/><property name="ro.build.host" value="e-honda.mtv.corp.google.com"/><property name="ro.BACKUP_APP_ADJ" value="2"/><property name="ARGH" value="ARGH"/><property name="ro.build.display.id" value="google_sdk-eng 2.2 FRF91 43546 test-keys"/><property name="ro.revision" value="0"/><property name="ro.HOME_APP_ADJ" value="4"/><property name="hw.keyboards.65536.devname" value="qwerty2"/><property name="ro.HIDDEN_APP_MEM" value="5120"/><property name="sys.settings_system_version" value="1"/><property name="init.svc.qemud" value="running"/><property name="ro.kernel.android.qemud" value="ttyS1"/><property name="ro.product.locale.region" value="US"/><property name="gsm.operator.isroaming" value="false"/><property name="persist.sys.timezone" value="GMT"/><property name="ro.VISIBLE_APP_MEM" value="2048"/><property name="gsm.operator.numeric" value="310260"/><property name="ro.EMPTY_APP_MEM" value="6144"/><property name="ro.allow.mock.location" value="1"/><property name="ro.CONTENT_PROVIDER_ADJ" value="14"/><property name="persist.service.adb.enable" value="1"/><property name="net.tcp.buffersize.wifi" value="4095,87380,110208,4096,16384,110208"/><property name="ro.kernel.qemu.gles" value="0"/><property name="persist.sys.localevar" value=""/><property name="gsm.nitz.time" value="1334855606988"/><property name="ro.product.brand" value="generic"/><property name="ro.HIDDEN_APP_MIN_ADJ" value="7"/><property name="gsm.sim.operator.numeric" value="310260"/><property name="ro.config.notification_sound" value="OnTheHunt.ogg"/><property name="ro.board.platform" value=""/><property name="ro.build.date.utc" value="1277937122"/><property name="ro.com.google.locationfeatures" value="1"/><property name="ro.product.locale.language" value="en"/><property name="ro.product.device" value="generic"/><property name="dev.bootcomplete" value="1"/><property name="qemu.sf.lcd_density" value="160"/><property name="gsm.sim.state" value="READY"/><property name="gsm.defaultpdpcontext.active" value="true"/><property name="init.svc.keystore" value="running"/><property name="ro.hardware" value="goldfish"/><property name="status.battery.level" value="5"/><property name="status.battery.level_scale" value="9"/><property name="init.svc.netd" value="running"/><property name="ro.kernel.console" value="ttyS0"/><property name="xmpp.auto-presence" value="true"/><property name="ro.FOREGROUND_APP_MEM" value="1536"/><property name="ro.build.id" value="FRF91"/><property name="ro.radio.use-ppp" value="no"/><property name="adb.connected" value="1"/><property name="net.gprs.local-ip" value="10.0.2.15"/><property name="net.tcp.buffersize.default" value="4096,87380,110208,4096,16384,110208"/><property name="net.tcp.buffersize.umts" value="4094,87380,110208,4096,16384,110208"/><property name="net.gprs.http-proxy" value=""/><property name="rild.libpath" value="/system/lib/libreference-ril.so"/><property name="ro.product.name" value="google_sdk"/><property name="net.change" value="net.dnschange"/><property name="ro.config.alarm_alert" value="Alarm_Classic.ogg"/><property name="ro.build.tags" value="test-keys"/><property name="status.battery.level_raw" value="50"/><property name="init.svc.goldfish-logcat" value="stopped"/><property name="gsm.version.ril-impl" value="android reference-ril 1.0"/><property name="ro.product.board" value=""/><property name="ro.build.description" value="google_sdk-eng 2.2 FRF91 43546 test-keys"/><property name="ro.SECONDARY_SERVER_MEM" value="4096"/><property name="init.svc.media" value="running"/><property name="ro.SECONDARY_SERVER_ADJ" value="2"/><property name="ro.build.version.codename" value="REL"/><property name="ro.config.nocheckin" value="yes"/><property name="rild.libargs" value="-d /dev/ttyS0"/><property name="ro.product.cpu.abi" value="armeabi"/><property name="ro.kernel.android.checkjni" value="1"/><property name="qemu.sf.fake_camera" value="back"/><property name="init.svc.bootanim" value="stopped"/><property name="dalvik.vm.heapsize" value="24m"/><property name="dalvik.vm.stack-trace-file" value="/data/anr/traces.txt"/><property name="net.tcp.buffersize.edge" value="4093,26280,35040,4096,16384,35040"/><property name="ro.serialno" value=""/><property name="media.stagefright.enable-meta" value="true"/><property name="persist.sys.country" value="US"/><property name="net.tcp.buffersize.gprs" value="4092,8760,11680,4096,8760,11680"/><property name="ro.build.date" value="Wed Jun 30 15:32:02 PDT 2010"/><property name="ro.build.version.release" value="2.2"/><property name="init.svc.console" value="running"/><property name="init.svc.zygote" value="running"/><property name="init.svc.servicemanager" value="running"/><property name="gsm.current.phone-type" value="1"/><property name="ro.build.user" value="android-build"/><property name="media.stagefright.enable-player" value="true"/><property name="gsm.sim.operator.iso-country" value="us"/><property name="ro.FOREGROUND_APP_ADJ" value="0"/><property name="ro.EMPTY_APP_ADJ" value="15"/><property name="init.svc.installd" value="running"/><property name="ro.kernel.qemu" value="1"/><property name="ro.build.type" value="eng"/><property name="ro.secure" value="0"/><property name="ro.carrier" value="unknown"/><property name="ro.wifi.channels" value=""/><property name="ro.build.version.incremental" value="43546"/><property name="init.svc.adbd" value="running"/><property name="init.svc.goldfish-setup" value="running"/><property name="gsm.network.type" value="UMTS"/><property name="gsm.operator.alpha" value="Android"/><property name="ro.BACKUP_APP_MEM" value="4096"/><property name="net.dns1" value="10.0.2.3"/><property name="status.battery.state" value="Slow"/><property name="init.svc.ril-daemon" value="running"/></properties><testcase classname="ua.com.taxometr.test.CallActivityTest" name="testPreconditions" time="2,2300"/><testcase classname="ua.com.taxometr.test.CallActivityTest" name="testText" time="0,9790"/><testcase classname="ua.com.taxometr.test.SelectAddressActivityTest" name="testSelectAddressActivityBasic" time="1,0760"/><testcase classname="ua.com.taxometr.test.StartActivityTest" name="testStartActivityBasic" time="0,8270"/></testsuite></testsuites>